<?xml version="1.0" encoding="UTF-8"?>
<!-- Generated by org.testng.reporters.JUnitXMLReporter -->
<testsuite ignored="0" hostname="ISIPL-PUNV-L078" failures="1" tests="3" name="Test" time="160.936" errors="0" timestamp="2021-01-04T10:53:21 IST">
  <testcase classname="com.mb.screen.Ecommerce_Tc4" name="totalvalidationTest" time="44.863"/>
  <testcase classname="com.mb.screen.ApiDemos" name="apisDemosTest" time="43.218"/>
  <testcase classname="com.mb.screen.ApiDemos" name="apisDemosTest" time="65.685">
    <failure type="org.openqa.selenium.NoSuchElementException" message="An element could not be located on the page using the given search parameters.
For documentation on this error, please visit: https://www.seleniumhq.org/exceptions/no_such_element.html
Build info: version: &amp;apos;3.141.59&amp;apos;, revision: &amp;apos;e82be7d358&amp;apos;, time: &amp;apos;2018-11-14T08:17:03&amp;apos;
System info: host: &amp;apos;ISIPL-PUNV-L078&amp;apos;, ip: &amp;apos;192.168.43.18&amp;apos;, os.name: &amp;apos;Windows 10&amp;apos;, os.arch: &amp;apos;amd64&amp;apos;, os.version: &amp;apos;10.0&amp;apos;, java.version: &amp;apos;14.0.2&amp;apos;
Driver info: io.appium.java_client.android.AndroidDriver
Capabilities {app: C:\Users\deepa.sirsat\eclip..., appPackage: io.appium.android.apis, databaseEnabled: false, desired: {app: C:\Users\deepa.sirsat\eclip..., deviceName: DeepaEmulator, newCommandTimeout: 14, platformName: android}, deviceApiLevel: 29, deviceManufacturer: Google, deviceModel: Android SDK built for x86, deviceName: emulator-5554, deviceScreenDensity: 560, deviceScreenSize: 1440x2960, deviceUDID: emulator-5554, javascriptEnabled: true, locationContextEnabled: false, networkConnectionEnabled: true, newCommandTimeout: 14, pixelRatio: 3.5, platform: LINUX, platformName: Android, platformVersion: 10, statBarHeight: 172, takesScreenshot: true, viewportRect: {height: 2449, left: 0, top: 172, width: 1440}, warnings: {}, webStorageEnabled: false}
Session ID: f01075d3-0cd7-48a6-b5c2-78b166010f3b
*** Element info: {Using=class name, value=android.widget.EditText}">
      <![CDATA[org.openqa.selenium.NoSuchElementException: An element could not be located on the page using the given search parameters.
For documentation on this error, please visit: https://www.seleniumhq.org/exceptions/no_such_element.html
Build info: version: '3.141.59', revision: 'e82be7d358', time: '2018-11-14T08:17:03'
System info: host: 'ISIPL-PUNV-L078', ip: '192.168.43.18', os.name: 'Windows 10', os.arch: 'amd64', os.version: '10.0', java.version: '14.0.2'
Driver info: io.appium.java_client.android.AndroidDriver
Capabilities {app: C:\Users\deepa.sirsat\eclip..., appPackage: io.appium.android.apis, databaseEnabled: false, desired: {app: C:\Users\deepa.sirsat\eclip..., deviceName: DeepaEmulator, newCommandTimeout: 14, platformName: android}, deviceApiLevel: 29, deviceManufacturer: Google, deviceModel: Android SDK built for x86, deviceName: emulator-5554, deviceScreenDensity: 560, deviceScreenSize: 1440x2960, deviceUDID: emulator-5554, javascriptEnabled: true, locationContextEnabled: false, networkConnectionEnabled: true, newCommandTimeout: 14, pixelRatio: 3.5, platform: LINUX, platformName: Android, platformVersion: 10, statBarHeight: 172, takesScreenshot: true, viewportRect: {height: 2449, left: 0, top: 172, width: 1440}, warnings: {}, webStorageEnabled: false}
Session ID: f01075d3-0cd7-48a6-b5c2-78b166010f3b
*** Element info: {Using=class name, value=android.widget.EditText}
at org.openqa.selenium.remote.http.W3CHttpResponseCodec.createException(W3CHttpResponseCodec.java:187)
at org.openqa.selenium.remote.http.W3CHttpResponseCodec.decode(W3CHttpResponseCodec.java:122)
at org.openqa.selenium.remote.http.W3CHttpResponseCodec.decode(W3CHttpResponseCodec.java:49)
at org.openqa.selenium.remote.HttpCommandExecutor.execute(HttpCommandExecutor.java:158)
at io.appium.java_client.remote.AppiumCommandExecutor.execute(AppiumCommandExecutor.java:239)
at org.openqa.selenium.remote.RemoteWebDriver.execute(RemoteWebDriver.java:552)
at io.appium.java_client.DefaultGenericMobileDriver.execute(DefaultGenericMobileDriver.java:41)
at io.appium.java_client.AppiumDriver.execute(AppiumDriver.java:1)
at io.appium.java_client.android.AndroidDriver.execute(AndroidDriver.java:1)
at org.openqa.selenium.remote.RemoteWebDriver.findElement(RemoteWebDriver.java:323)
at io.appium.java_client.DefaultGenericMobileDriver.findElement(DefaultGenericMobileDriver.java:61)
at io.appium.java_client.AppiumDriver.findElement(AppiumDriver.java:1)
at io.appium.java_client.android.AndroidDriver.findElement(AndroidDriver.java:1)
at org.openqa.selenium.remote.RemoteWebDriver.findElementByClassName(RemoteWebDriver.java:412)
at io.appium.java_client.DefaultGenericMobileDriver.findElementByClassName(DefaultGenericMobileDriver.java:125)
at io.appium.java_client.AppiumDriver.findElementByClassName(AppiumDriver.java:1)
at io.appium.java_client.android.AndroidDriver.findElementByClassName(AndroidDriver.java:1)
at org.openqa.selenium.By$ByClassName.findElement(By.java:389)
at org.openqa.selenium.remote.RemoteWebDriver.findElement(RemoteWebDriver.java:315)
at io.appium.java_client.DefaultGenericMobileDriver.findElement(DefaultGenericMobileDriver.java:57)
at io.appium.java_client.AppiumDriver.findElement(AppiumDriver.java:1)
at io.appium.java_client.android.AndroidDriver.findElement(AndroidDriver.java:1)
at com.mb.screen.ApiDemos.apisDemosTest(ApiDemos.java:42)
at java.base/java.util.ArrayList.forEach(ArrayList.java:1511)
... Removed 32 stack frames]]>
    </failure>
  </testcase> <!-- apisDemosTest -->
</testsuite> <!-- Test -->
